Traceback (most recent call last):
  File "c:\users\maria\appdata\local\programs\python\python37-32\lib\site-packages\jupyter_cache\executors\utils.py", line 56, in single_nb_execution
    record_timing=False,
  File "c:\users\maria\appdata\local\programs\python\python37-32\lib\site-packages\nbclient\client.py", line 1117, in execute
    return NotebookClient(nb=nb, resources=resources, km=km, **kwargs).execute()
  File "c:\users\maria\appdata\local\programs\python\python37-32\lib\site-packages\nbclient\util.py", line 78, in wrapped
    return just_run(coro(*args, **kwargs))
  File "c:\users\maria\appdata\local\programs\python\python37-32\lib\site-packages\nbclient\util.py", line 57, in just_run
    return loop.run_until_complete(coro)
  File "c:\users\maria\appdata\local\programs\python\python37-32\lib\asyncio\base_events.py", line 579, in run_until_complete
    return future.result()
  File "c:\users\maria\appdata\local\programs\python\python37-32\lib\site-packages\nbclient\client.py", line 559, in async_execute
    cell, index, execution_count=self.code_cells_executed + 1
  File "c:\users\maria\appdata\local\programs\python\python37-32\lib\site-packages\nbclient\client.py", line 862, in async_execute_cell
    self._check_raise_for_error(cell, exec_reply)
  File "c:\users\maria\appdata\local\programs\python\python37-32\lib\site-packages\nbclient\client.py", line 765, in _check_raise_for_error
    raise CellExecutionError.from_cell_and_msg(cell, exec_reply_content)
nbclient.exceptions.CellExecutionError: An error occurred while executing the following cell:
------------------
# Importamos las librerías principales
import pandas as pd
import numpy as np
import matplotlib.pyplot as plt
from myst_nb import glue
from PIL import Image
import os

# Funciones de benchtools
from benchtools.src.plotools import create_png, image_grid
from benchtools.src.clustering import build_features

# Definimos variables globales
PATH_IMAGES = '../../figuras/'
------------------

[1;31m---------------------------------------------------------------------------[0m
[1;31mImportError[0m                               Traceback (most recent call last)
[1;32m~\AppData\Local\Temp/ipykernel_12256/189659230.py[0m in [0;36m<module>[1;34m[0m
[0;32m      8[0m [1;33m[0m[0m
[0;32m      9[0m [1;31m# Funciones de benchtools[0m[1;33m[0m[1;33m[0m[1;33m[0m[0m
[1;32m---> 10[1;33m [1;32mfrom[0m [0mbenchtools[0m[1;33m.[0m[0msrc[0m[1;33m.[0m[0mplotools[0m [1;32mimport[0m [0mcreate_png[0m[1;33m,[0m [0mimage_grid[0m[1;33m[0m[1;33m[0m[0m
[0m[0;32m     11[0m [1;32mfrom[0m [0mbenchtools[0m[1;33m.[0m[0msrc[0m[1;33m.[0m[0mclustering[0m [1;32mimport[0m [0mbuild_features[0m[1;33m[0m[1;33m[0m[0m
[0;32m     12[0m [1;33m[0m[0m

[1;31mImportError[0m: cannot import name 'create_png' from 'benchtools.src.plotools' (c:\users\maria\appdata\local\programs\python\python37-32\lib\site-packages\benchtools\src\plotools.py)
ImportError: cannot import name 'create_png' from 'benchtools.src.plotools' (c:\users\maria\appdata\local\programs\python\python37-32\lib\site-packages\benchtools\src\plotools.py)

